# JRE version: Java(TM) SE Runtime Environment (21.0.2+13) (build 21.0.2+13-LTS-58)
# Java VM: Java HotSpot(TM) 64-Bit Server VM (21.0.2+13-LTS-58, mixed mode, sharing, tiered, compressed oops, compressed class ptrs, g1 gc, windows-amd64)
GC Precious Log:
 CardTable entry size: 512
 Card Set container configuration: InlinePtr #cards 5 size 8 Array Of Cards #cards 12 size 40 Howl #buckets 4 coarsen threshold 1843 Howl Bitmap #cards 512 size 80 coarsen threshold 460 Card regions per heap region 1 cards per card region 2048
 CPUs: 8 total, 8 available
 Memory: 7971M
 Large Page Support: Disabled
 NUMA Support: Disabled
 Compressed Oops: Enabled (32-bit)
 Heap Region Size: 1M
 Heap Min Capacity: 8M
 Heap Initial Capacity: 126M
 Heap Max Capacity: 1G
 Pre-touch: Disabled
 Parallel Workers: 8
 Concurrent Workers: 2
 Concurrent Refinement Workers: 8
 Periodic GC: Disabled
Heap:
 garbage-first heap   total 71680K, used 38171K [0x00000000c0000000, 0x0000000100000000)
  region size 1024K, 16 young (16384K), 4 survivors (4096K)
 Metaspace       used 64135K, committed 64896K, reserved 1114112K
  class space    used 8409K, committed 8768K, reserved 1048576K
GC Heap History (20 events):
Event: 3.619 GC heap before
{Heap before GC invocations=12 (full 0):
 garbage-first heap   total 59392K, used 51240K [0x00000000c0000000, 0x0000000100000000)
  region size 1024K, 34 young (34816K), 3 survivors (3072K)
 Metaspace       used 41491K, committed 41984K, reserved 1114112K
  class space    used 5239K, committed 5440K, reserved 1048576K
}
Event: 3.622 GC heap after
{Heap after GC invocations=13 (full 0):
 garbage-first heap   total 59392K, used 19959K [0x00000000c0000000, 0x0000000100000000)
  region size 1024K, 3 young (3072K), 3 survivors (3072K)
 Metaspace       used 41491K, committed 41984K, reserved 1114112K
  class space    used 5239K, committed 5440K, reserved 1048576K
}
Event: 3.868 GC heap before
{Heap before GC invocations=13 (full 0):
 garbage-first heap   total 59392K, used 51703K [0x00000000c0000000, 0x0000000100000000)
  region size 1024K, 34 young (34816K), 3 survivors (3072K)
 Metaspace       used 44626K, committed 45248K, reserved 1114112K
  class space    used 5643K, committed 5952K, reserved 1048576K
}
Event: 3.871 GC heap after
{Heap after GC invocations=14 (full 0):
 garbage-first heap   total 59392K, used 20914K [0x00000000c0000000, 0x0000000100000000)
  region size 1024K, 3 young (3072K), 3 survivors (3072K)
 Metaspace       used 44626K, committed 45248K, reserved 1114112K
  class space    used 5643K, committed 5952K, reserved 1048576K
}
Event: 4.047 GC heap before
{Heap before GC invocations=14 (full 0):
 garbage-first heap   total 59392K, used 50610K [0x00000000c0000000, 0x0000000100000000)
  region size 1024K, 33 young (33792K), 3 survivors (3072K)
 Metaspace       used 48313K, committed 48896K, reserved 1114112K
  class space    used 6223K, committed 6528K, reserved 1048576K
}
Event: 4.050 GC heap after
{Heap after GC invocations=15 (full 0):
 garbage-first heap   total 59392K, used 21546K [0x00000000c0000000, 0x0000000100000000)
  region size 1024K, 4 young (4096K), 4 survivors (4096K)
 Metaspace       used 48313K, committed 48896K, reserved 1114112K
  class space    used 6223K, committed 6528K, reserved 1048576K
}
Event: 4.269 GC heap before
{Heap before GC invocations=15 (full 0):
 garbage-first heap   total 59392K, used 49194K [0x00000000c0000000, 0x0000000100000000)
  region size 1024K, 32 young (32768K), 4 survivors (4096K)
 Metaspace       used 51332K, committed 51904K, reserved 1114112K
  class space    used 6714K, committed 6976K, reserved 1048576K
}
Event: 4.272 GC heap after
{Heap after GC invocations=16 (full 0):
 garbage-first heap   total 71680K, used 21863K [0x00000000c0000000, 0x0000000100000000)
  region size 1024K, 2 young (2048K), 2 survivors (2048K)
 Metaspace       used 51332K, committed 51904K, reserved 1114112K
  class space    used 6714K, committed 6976K, reserved 1048576K
}
Event: 4.555 GC heap before
{Heap before GC invocations=16 (full 0):
 garbage-first heap   total 71680K, used 61799K [0x00000000c0000000, 0x0000000100000000)
  region size 1024K, 42 young (43008K), 2 survivors (2048K)
 Metaspace       used 55476K, committed 56128K, reserved 1114112K
  class space    used 7302K, committed 7616K, reserved 1048576K
}
Event: 4.558 GC heap after
{Heap after GC invocations=17 (full 0):
 garbage-first heap   total 71680K, used 22844K [0x00000000c0000000, 0x0000000100000000)
  region size 1024K, 3 young (3072K), 3 survivors (3072K)
 Metaspace       used 55476K, committed 56128K, reserved 1114112K
  class space    used 7302K, committed 7616K, reserved 1048576K
}
Event: 4.924 GC heap before
{Heap before GC invocations=17 (full 0):
 garbage-first heap   total 71680K, used 62780K [0x00000000c0000000, 0x0000000100000000)
  region size 1024K, 42 young (43008K), 3 survivors (3072K)
 Metaspace       used 58440K, committed 59072K, reserved 1114112K
  class space    used 7698K, committed 8000K, reserved 1048576K
}
Event: 4.928 GC heap after
{Heap after GC invocations=18 (full 0):
 garbage-first heap   total 71680K, used 24934K [0x00000000c0000000, 0x0000000100000000)
  region size 1024K, 5 young (5120K), 5 survivors (5120K)
 Metaspace       used 58440K, committed 59072K, reserved 1114112K
  class space    used 7698K, committed 8000K, reserved 1048576K
}
Event: 5.084 GC heap before
{Heap before GC invocations=18 (full 0):
 garbage-first heap   total 71680K, used 40294K [0x00000000c0000000, 0x0000000100000000)
  region size 1024K, 21 young (21504K), 5 survivors (5120K)
 Metaspace       used 59525K, committed 60160K, reserved 1114112K
  class space    used 7838K, committed 8128K, reserved 1048576K
}
Event: 5.088 GC heap after
{Heap after GC invocations=19 (full 0):
 garbage-first heap   total 71680K, used 26270K [0x00000000c0000000, 0x0000000100000000)
  region size 1024K, 5 young (5120K), 5 survivors (5120K)
 Metaspace       used 59525K, committed 60160K, reserved 1114112K
  class space    used 7838K, committed 8128K, reserved 1048576K
}
Event: 19.286 GC heap before
{Heap before GC invocations=20 (full 0):
 garbage-first heap   total 71680K, used 61086K [0x00000000c0000000, 0x0000000100000000)
  region size 1024K, 39 young (39936K), 5 survivors (5120K)
 Metaspace       used 62146K, committed 62912K, reserved 1114112K
  class space    used 8243K, committed 8576K, reserved 1048576K
}
Event: 19.290 GC heap after
{Heap after GC invocations=21 (full 0):
 garbage-first heap   total 71680K, used 27442K [0x00000000c0000000, 0x0000000100000000)
  region size 1024K, 3 young (3072K), 3 survivors (3072K)
 Metaspace       used 62146K, committed 62912K, reserved 1114112K
  class space    used 8243K, committed 8576K, reserved 1048576K
}
Event: 94.558 GC heap before
{Heap before GC invocations=21 (full 0):
 garbage-first heap   total 71680K, used 38706K [0x00000000c0000000, 0x0000000100000000)
  region size 1024K, 15 young (15360K), 3 survivors (3072K)
 Metaspace       used 63118K, committed 63872K, reserved 1114112K
  class space    used 8369K, committed 8704K, reserved 1048576K
}
Event: 94.596 GC heap after
{Heap after GC invocations=22 (full 1):
 garbage-first heap   total 71680K, used 22811K [0x00000000c0000000, 0x0000000100000000)
  region size 1024K, 0 young (0K), 0 survivors (0K)
 Metaspace       used 63118K, committed 63872K, reserved 1114112K
  class space    used 8369K, committed 8704K, reserved 1048576K
}
Event: 95.299 GC heap before
{Heap before GC invocations=22 (full 1):
 garbage-first heap   total 71680K, used 63771K [0x00000000c0000000, 0x0000000100000000)
  region size 1024K, 40 young (40960K), 0 survivors (0K)
 Metaspace       used 63697K, committed 64448K, reserved 1114112K
  class space    used 8383K, committed 8768K, reserved 1048576K
}
Event: 95.302 GC heap after
{Heap after GC invocations=23 (full 1):
 garbage-first heap   total 71680K, used 26907K [0x00000000c0000000, 0x0000000100000000)
  region size 1024K, 4 young (4096K), 4 survivors (4096K)
 Metaspace       used 63697K, committed 64448K, reserved 1114112K
  class space    used 8383K, committed 8768K, reserved 1048576K
}

